<?xml version="1.0" encoding="UTF-8"?>
 <beans xmlns="http://www.springframework.org/schema/beans"
	xmlns:xsi="http://www.w3.org/2001/XMLSchema-instance" 
	xmlns:context="http://www.springframework.org/schema/context"
	xmlns:sws="http://www.springframework.org/schema/web-services"
	xmlns:oxm="http://www.springframework.org/schema/oxm"
	xsi:schemaLocation="http://www.springframework.org/schema/beans http://www.springframework.org/schema/beans/spring-beans-3.0.xsd
       http://www.springframework.org/schema/web-services http://www.springframework.org/schema/web-services/web-services-2.0.xsd
       http://www.springframework.org/schema/context http://www.springframework.org/schema/context/spring-context-3.0.xsd
       http://www.springframework.org/schema/oxm http://www.springframework.org/schema/oxm/spring-oxm-3.0.xsd">
       	   
 	<!-- <bean id="wss4jSecurityInterceptor"
		class="org.springframework.ws.soap.security.wss4j.Wss4jSecurityInterceptor">
		<property name="securementMustUnderstand" value="true" />
		<property name="securementUsernameTokenElements" value="Nonce Created" />
		<property name="securementActions" value="UsernameToken" />
		<property name="securementPasswordType" value="PasswordDigest"/>
		<property name="securementUsername" value="" />
		<property name="securementPassword" value="" />
 	</bean> -->
 	
	<bean id="httpMsgSender" class="org.springframework.ws.transport.http.CommonsHttpMessageSender">
		<property name="connectionTimeout" value="8000"/>
		<!-- <property name="credentials">
        	<bean class="org.apache.http.auth.UsernamePasswordCredentials">
            	<constructor-arg value="jayram:password"/>
        	</bean>
        </property> -->
	</bean>
	<!-- <context:component-scan base-package="info._7chapters.hr.ws.client"/> -->
	<oxm:jaxb2-marshaller id="employeeMarUnmarshaller" contextPath="info._7chapters.hr.schemas"/>
	
	<!-- To add an attachment to a response payload in Spring-WS used messageFactory and add it to the WebServiceTemplate bean-->
	<bean id="messageFactory" class="org.springframework.ws.soap.saaj.SaajSoapMessageFactory"/>
	
	<bean id="wsGatewaySupport" class="org.springframework.ws.client.core.WebServiceTemplate">
		<constructor-arg ref="messageFactory"/>
		<property name="marshaller" ref="employeeMarUnmarshaller"/>
        <property name="unmarshaller" ref="employeeMarUnmarshaller"/>
         <property name="messageSenders">
        	<list>
        		<ref bean="httpMsgSender"/>
        	</list>
        </property>
        <!-- <property name="interceptors">
			<list>
				<ref local="wss4jSecurityInterceptor" />
			</list>
		</property> -->
 	</bean>
</beans>
